<?xml version="1.0" encoding="UTF-8"?>
<testsuite name="example.cashcard.CashCardApplicationTests" tests="15" skipped="0" failures="0" errors="0" timestamp="2023-09-20T18:42:44" hostname="DESKTOP-75MK7NB" time="12.101">
  <properties/>
  <testcase name="shouldReturnASortedPageOfCashCards()" classname="example.cashcard.CashCardApplicationTests" time="3.412"/>
  <testcase name="shouldNotAllowDeletionOfCashCardsTheyDoNotOwn()" classname="example.cashcard.CashCardApplicationTests" time="0.313"/>
  <testcase name="shouldDeleteAnExistingCashCard()" classname="example.cashcard.CashCardApplicationTests" time="0.368"/>
  <testcase name="shouldNotAllowAccessToCashCardsTheyDoNotOwn()" classname="example.cashcard.CashCardApplicationTests" time="0.292"/>
  <testcase name="shouldReturnACashCardWhenDataIsSaved()" classname="example.cashcard.CashCardApplicationTests" time="0.143"/>
  <testcase name="shouldNotDeleteACashCardThatDoesNotExist()" classname="example.cashcard.CashCardApplicationTests" time="0.13"/>
  <testcase name="shouldCreateANewCashCard()" classname="example.cashcard.CashCardApplicationTests" time="0.467"/>
  <testcase name="shouldRejectUsersWhoAreNotCardOwners()" classname="example.cashcard.CashCardApplicationTests" time="0.287"/>
  <testcase name="shouldReturnAPageOfCashCards()" classname="example.cashcard.CashCardApplicationTests" time="0.151"/>
  <testcase name="shouldUpdateAnExistingCashCard()" classname="example.cashcard.CashCardApplicationTests" time="0.365"/>
  <testcase name="shouldNotUpdateACashCardThatDoesNotExist()" classname="example.cashcard.CashCardApplicationTests" time="0.311"/>
  <testcase name="shouldNotReturnACashCardWhenUsingBadCredentials()" classname="example.cashcard.CashCardApplicationTests" time="0.276"/>
  <testcase name="shouldReturnAllCashCardsWhenListIsRequested()" classname="example.cashcard.CashCardApplicationTests" time="0.163"/>
  <testcase name="shouldReturnASortedPageOfCashCardsWithNoParametersAndUseDefaultValues()" classname="example.cashcard.CashCardApplicationTests" time="0.128"/>
  <testcase name="shouldNotReturnACashCardWithAnUnknownId()" classname="example.cashcard.CashCardApplicationTests" time="0.145"/>
  <system-out><![CDATA[19:42:34.269 [Test worker] INFO org.springframework.test.context.support.AnnotationConfigContextLoaderUtils -- Could not detect default configuration classes for test class [example.cashcard.CashCardApplicationTests]: CashCardApplicationTests does not declare any static, non-private, non-final, nested classes annotated with @Configuration.
19:42:34.726 [Test worker] INFO org.springframework.boot.test.context.SpringBootTestContextBootstrapper -- Found @SpringBootConfiguration example.cashcard.CashCardApplication for test class example.cashcard.CashCardApplicationTests

  .   ____          _            __ _ _
 /\\ / ___'_ __ _ _(_)_ __  __ _ \ \ \ \
( ( )\___ | '_ | '_| | '_ \/ _` | \ \ \ \
 \\/  ___)| |_)| | | | | || (_| |  ) ) ) )
  '  |____| .__|_| |_|_| |_\__, | / / / /
 =========|_|==============|___/=/_/_/_/
 :: Spring Boot ::       (v3.2.0-SNAPSHOT)

2023-09-20T19:42:36.334+01:00  INFO 15724 --- [    Test worker] e.cashcard.CashCardApplicationTests      : Starting CashCardApplicationTests using Java 17.0.6 with PID 15724 (started by CSDC B. Analyst in C:\Users\CSDC B. Analyst\IdeaProjects\CashCard-API)
2023-09-20T19:42:36.338+01:00  INFO 15724 --- [    Test worker] e.cashcard.CashCardApplicationTests      : No active profile set, falling back to 1 default profile: "default"
2023-09-20T19:42:39.095+01:00  INFO 15724 --- [    Test worker] .s.d.r.c.RepositoryConfigurationDelegate : Bootstrapping Spring Data JDBC repositories in DEFAULT mode.
2023-09-20T19:42:39.243+01:00  INFO 15724 --- [    Test worker] .s.d.r.c.RepositoryConfigurationDelegate : Finished Spring Data repository scanning in 136 ms. Found 1 JDBC repository interfaces.
2023-09-20T19:42:40.843+01:00  INFO 15724 --- [    Test worker] o.s.b.w.embedded.tomcat.TomcatWebServer  : Tomcat initialized with port 0 (http)
2023-09-20T19:42:40.868+01:00  INFO 15724 --- [    Test worker] o.apache.catalina.core.StandardService   : Starting service [Tomcat]
2023-09-20T19:42:40.869+01:00  INFO 15724 --- [    Test worker] o.apache.catalina.core.StandardEngine    : Starting Servlet engine: [Apache Tomcat/10.1.13]
2023-09-20T19:42:41.108+01:00  INFO 15724 --- [    Test worker] o.a.c.c.C.[Tomcat].[localhost].[/]       : Initializing Spring embedded WebApplicationContext
2023-09-20T19:42:41.111+01:00  INFO 15724 --- [    Test worker] w.s.c.ServletWebServerApplicationContext : Root WebApplicationContext: initialization completed in 4663 ms
2023-09-20T19:42:41.345+01:00  INFO 15724 --- [    Test worker] o.s.j.d.e.EmbeddedDatabaseFactory        : Starting embedded database: url='jdbc:h2:mem:85e79f54-048e-4851-a1d0-c53723bdc3ad;DB_CLOSE_DELAY=-1;DB_CLOSE_ON_EXIT=false', username='sa'
2023-09-20T19:42:43.883+01:00  INFO 15724 --- [    Test worker] o.s.s.web.DefaultSecurityFilterChain     : Will secure any request with [org.springframework.security.web.session.DisableEncodeUrlFilter@7c8df667, org.springframework.security.web.context.request.async.WebAsyncManagerIntegrationFilter@498e41a4, org.springframework.security.web.context.SecurityContextHolderFilter@cf984d9, org.springframework.security.web.header.HeaderWriterFilter@3220c28, org.springframework.web.filter.CorsFilter@be616f0, org.springframework.security.web.authentication.logout.LogoutFilter@1827fc4e, org.springframework.security.web.authentication.www.BasicAuthenticationFilter@32c0fecc, org.springframework.security.web.savedrequest.RequestCacheAwareFilter@54941dfd, org.springframework.security.web.servletapi.SecurityContextHolderAwareRequestFilter@5a7e81, org.springframework.security.web.authentication.AnonymousAuthenticationFilter@1f5d7fd5, org.springframework.security.web.access.ExceptionTranslationFilter@430d3021, org.springframework.security.web.access.intercept.AuthorizationFilter@42e202d7]
2023-09-20T19:42:44.430+01:00  INFO 15724 --- [    Test worker] o.s.b.w.embedded.tomcat.TomcatWebServer  : Tomcat started on port 50416 (http) with context path ''
2023-09-20T19:42:44.449+01:00  INFO 15724 --- [    Test worker] e.cashcard.CashCardApplicationTests      : Started CashCardApplicationTests in 9.048 seconds (process running for 13.478)
2023-09-20T19:42:46.746+01:00  INFO 15724 --- [o-auto-1-exec-1] o.a.c.c.C.[Tomcat].[localhost].[/]       : Initializing Spring DispatcherServlet 'dispatcherServlet'
2023-09-20T19:42:46.747+01:00  INFO 15724 --- [o-auto-1-exec-1] o.s.web.servlet.DispatcherServlet        : Initializing Servlet 'dispatcherServlet'
2023-09-20T19:42:46.750+01:00  INFO 15724 --- [o-auto-1-exec-1] o.s.web.servlet.DispatcherServlet        : Completed initialization in 3 ms
2023-09-20T19:42:48.546+01:00  INFO 15724 --- [    Test worker] o.s.j.d.e.EmbeddedDatabaseFactory        : Shutting down embedded database: url='jdbc:h2:mem:85e79f54-048e-4851-a1d0-c53723bdc3ad;DB_CLOSE_DELAY=-1;DB_CLOSE_ON_EXIT=false'

  .   ____          _            __ _ _
 /\\ / ___'_ __ _ _(_)_ __  __ _ \ \ \ \
( ( )\___ | '_ | '_| | '_ \/ _` | \ \ \ \
 \\/  ___)| |_)| | | | | || (_| |  ) ) ) )
  '  |____| .__|_| |_|_| |_\__, | / / / /
 =========|_|==============|___/=/_/_/_/
 :: Spring Boot ::       (v3.2.0-SNAPSHOT)

2023-09-20T19:42:48.648+01:00  INFO 15724 --- [    Test worker] e.cashcard.CashCardApplicationTests      : Starting CashCardApplicationTests using Java 17.0.6 with PID 15724 (started by CSDC B. Analyst in C:\Users\CSDC B. Analyst\IdeaProjects\CashCard-API)
2023-09-20T19:42:48.650+01:00  INFO 15724 --- [    Test worker] e.cashcard.CashCardApplicationTests      : No active profile set, falling back to 1 default profile: "default"
2023-09-20T19:42:49.399+01:00  INFO 15724 --- [    Test worker] .s.d.r.c.RepositoryConfigurationDelegate : Bootstrapping Spring Data JDBC repositories in DEFAULT mode.
2023-09-20T19:42:49.444+01:00  INFO 15724 --- [    Test worker] .s.d.r.c.RepositoryConfigurationDelegate : Finished Spring Data repository scanning in 43 ms. Found 1 JDBC repository interfaces.
2023-09-20T19:42:49.790+01:00  INFO 15724 --- [    Test worker] o.s.b.w.embedded.tomcat.TomcatWebServer  : Tomcat initialized with port 0 (http)
2023-09-20T19:42:49.792+01:00  INFO 15724 --- [    Test worker] o.apache.catalina.core.StandardService   : Starting service [Tomcat]
2023-09-20T19:42:49.793+01:00  INFO 15724 --- [    Test worker] o.apache.catalina.core.StandardEngine    : Starting Servlet engine: [Apache Tomcat/10.1.13]
2023-09-20T19:42:49.932+01:00  INFO 15724 --- [    Test worker] o.a.c.c.C.[Tomcat].[localhost].[/]       : Initializing Spring embedded WebApplicationContext
2023-09-20T19:42:49.933+01:00  INFO 15724 --- [    Test worker] w.s.c.ServletWebServerApplicationContext : Root WebApplicationContext: initialization completed in 1263 ms
2023-09-20T19:42:49.986+01:00  INFO 15724 --- [    Test worker] o.s.j.d.e.EmbeddedDatabaseFactory        : Starting embedded database: url='jdbc:h2:mem:c9e38072-5222-4291-8abb-74d2815a78bd;DB_CLOSE_DELAY=-1;DB_CLOSE_ON_EXIT=false', username='sa'
2023-09-20T19:42:50.631+01:00  INFO 15724 --- [    Test worker] o.s.s.web.DefaultSecurityFilterChain     : Will secure any request with [org.springframework.security.web.session.DisableEncodeUrlFilter@4e322108, org.springframework.security.web.context.request.async.WebAsyncManagerIntegrationFilter@3f5e64c9, org.springframework.security.web.context.SecurityContextHolderFilter@451cef67, org.springframework.security.web.header.HeaderWriterFilter@2d527346, org.springframework.web.filter.CorsFilter@1f847d9e, org.springframework.security.web.authentication.logout.LogoutFilter@391b03b, org.springframework.security.web.authentication.www.BasicAuthenticationFilter@402c415e, org.springframework.security.web.savedrequest.RequestCacheAwareFilter@11fb1691, org.springframework.security.web.servletapi.SecurityContextHolderAwareRequestFilter@1f229c40, org.springframework.security.web.authentication.AnonymousAuthenticationFilter@3d00e981, org.springframework.security.web.access.ExceptionTranslationFilter@5cea47a1, org.springframework.security.web.access.intercept.AuthorizationFilter@41dc34c8]
2023-09-20T19:42:50.838+01:00  INFO 15724 --- [    Test worker] o.s.b.w.embedded.tomcat.TomcatWebServer  : Tomcat started on port 50423 (http) with context path ''
2023-09-20T19:42:50.847+01:00  INFO 15724 --- [    Test worker] e.cashcard.CashCardApplicationTests      : Started CashCardApplicationTests in 2.277 seconds (process running for 19.875)
2023-09-20T19:42:50.865+01:00  INFO 15724 --- [o-auto-2-exec-1] o.a.c.c.C.[Tomcat].[localhost].[/]       : Initializing Spring DispatcherServlet 'dispatcherServlet'
2023-09-20T19:42:50.865+01:00  INFO 15724 --- [o-auto-2-exec-1] o.s.web.servlet.DispatcherServlet        : Initializing Servlet 'dispatcherServlet'
2023-09-20T19:42:50.866+01:00  INFO 15724 --- [o-auto-2-exec-1] o.s.web.servlet.DispatcherServlet        : Completed initialization in 1 ms
Response Status Code: 201
Response Body: null
2023-09-20T19:42:51.882+01:00  INFO 15724 --- [    Test worker] o.s.j.d.e.EmbeddedDatabaseFactory        : Shutting down embedded database: url='jdbc:h2:mem:c9e38072-5222-4291-8abb-74d2815a78bd;DB_CLOSE_DELAY=-1;DB_CLOSE_ON_EXIT=false'

  .   ____          _            __ _ _
 /\\ / ___'_ __ _ _(_)_ __  __ _ \ \ \ \
( ( )\___ | '_ | '_| | '_ \/ _` | \ \ \ \
 \\/  ___)| |_)| | | | | || (_| |  ) ) ) )
  '  |____| .__|_| |_|_| |_\__, | / / / /
 =========|_|==============|___/=/_/_/_/
 :: Spring Boot ::       (v3.2.0-SNAPSHOT)

2023-09-20T19:42:51.964+01:00  INFO 15724 --- [    Test worker] e.cashcard.CashCardApplicationTests      : Starting CashCardApplicationTests using Java 17.0.6 with PID 15724 (started by CSDC B. Analyst in C:\Users\CSDC B. Analyst\IdeaProjects\CashCard-API)
2023-09-20T19:42:51.965+01:00  INFO 15724 --- [    Test worker] e.cashcard.CashCardApplicationTests      : No active profile set, falling back to 1 default profile: "default"
2023-09-20T19:42:52.340+01:00  INFO 15724 --- [    Test worker] .s.d.r.c.RepositoryConfigurationDelegate : Bootstrapping Spring Data JDBC repositories in DEFAULT mode.
2023-09-20T19:42:52.356+01:00  INFO 15724 --- [    Test worker] .s.d.r.c.RepositoryConfigurationDelegate : Finished Spring Data repository scanning in 15 ms. Found 1 JDBC repository interfaces.
2023-09-20T19:42:52.541+01:00  INFO 15724 --- [    Test worker] o.s.b.w.embedded.tomcat.TomcatWebServer  : Tomcat initialized with port 0 (http)
2023-09-20T19:42:52.542+01:00  INFO 15724 --- [    Test worker] o.apache.catalina.core.StandardService   : Starting service [Tomcat]
2023-09-20T19:42:52.543+01:00  INFO 15724 --- [    Test worker] o.apache.catalina.core.StandardEngine    : Starting Servlet engine: [Apache Tomcat/10.1.13]
2023-09-20T19:42:52.615+01:00  INFO 15724 --- [    Test worker] o.a.c.c.C.[Tomcat].[localhost].[/]       : Initializing Spring embedded WebApplicationContext
2023-09-20T19:42:52.616+01:00  INFO 15724 --- [    Test worker] w.s.c.ServletWebServerApplicationContext : Root WebApplicationContext: initialization completed in 643 ms
2023-09-20T19:42:52.651+01:00  INFO 15724 --- [    Test worker] o.s.j.d.e.EmbeddedDatabaseFactory        : Starting embedded database: url='jdbc:h2:mem:73e32222-f276-429f-a716-866b914510d1;DB_CLOSE_DELAY=-1;DB_CLOSE_ON_EXIT=false', username='sa'
2023-09-20T19:42:53.187+01:00  INFO 15724 --- [    Test worker] o.s.s.web.DefaultSecurityFilterChain     : Will secure any request with [org.springframework.security.web.session.DisableEncodeUrlFilter@47f8374, org.springframework.security.web.context.request.async.WebAsyncManagerIntegrationFilter@22a8e87b, org.springframework.security.web.context.SecurityContextHolderFilter@2c8c42c, org.springframework.security.web.header.HeaderWriterFilter@729de0e1, org.springframework.web.filter.CorsFilter@b8c6406, org.springframework.security.web.authentication.logout.LogoutFilter@34e7cde3, org.springframework.security.web.authentication.www.BasicAuthenticationFilter@e7ddf8d, org.springframework.security.web.savedrequest.RequestCacheAwareFilter@5032b2e, org.springframework.security.web.servletapi.SecurityContextHolderAwareRequestFilter@6d4df1d2, org.springframework.security.web.authentication.AnonymousAuthenticationFilter@6bed434d, org.springframework.security.web.access.ExceptionTranslationFilter@57c7ec30, org.springframework.security.web.access.intercept.AuthorizationFilter@2ae07dbd]
2023-09-20T19:42:53.300+01:00  INFO 15724 --- [    Test worker] o.s.b.w.embedded.tomcat.TomcatWebServer  : Tomcat started on port 50426 (http) with context path ''
2023-09-20T19:42:53.305+01:00  INFO 15724 --- [    Test worker] e.cashcard.CashCardApplicationTests      : Started CashCardApplicationTests in 1.411 seconds (process running for 22.333)
2023-09-20T19:42:53.319+01:00  INFO 15724 --- [o-auto-3-exec-1] o.a.c.c.C.[Tomcat].[localhost].[/]       : Initializing Spring DispatcherServlet 'dispatcherServlet'
2023-09-20T19:42:53.320+01:00  INFO 15724 --- [o-auto-3-exec-1] o.s.web.servlet.DispatcherServlet        : Initializing Servlet 'dispatcherServlet'
2023-09-20T19:42:53.322+01:00  INFO 15724 --- [o-auto-3-exec-1] o.s.web.servlet.DispatcherServlet        : Completed initialization in 2 ms
2023-09-20T19:42:54.113+01:00  INFO 15724 --- [    Test worker] o.s.j.d.e.EmbeddedDatabaseFactory        : Shutting down embedded database: url='jdbc:h2:mem:73e32222-f276-429f-a716-866b914510d1;DB_CLOSE_DELAY=-1;DB_CLOSE_ON_EXIT=false'

  .   ____          _            __ _ _
 /\\ / ___'_ __ _ _(_)_ __  __ _ \ \ \ \
( ( )\___ | '_ | '_| | '_ \/ _` | \ \ \ \
 \\/  ___)| |_)| | | | | || (_| |  ) ) ) )
  '  |____| .__|_| |_|_| |_\__, | / / / /
 =========|_|==============|___/=/_/_/_/
 :: Spring Boot ::       (v3.2.0-SNAPSHOT)

2023-09-20T19:42:54.176+01:00  INFO 15724 --- [    Test worker] e.cashcard.CashCardApplicationTests      : Starting CashCardApplicationTests using Java 17.0.6 with PID 15724 (started by CSDC B. Analyst in C:\Users\CSDC B. Analyst\IdeaProjects\CashCard-API)
2023-09-20T19:42:54.177+01:00  INFO 15724 --- [    Test worker] e.cashcard.CashCardApplicationTests      : No active profile set, falling back to 1 default profile: "default"
2023-09-20T19:42:54.577+01:00  INFO 15724 --- [    Test worker] .s.d.r.c.RepositoryConfigurationDelegate : Bootstrapping Spring Data JDBC repositories in DEFAULT mode.
2023-09-20T19:42:54.592+01:00  INFO 15724 --- [    Test worker] .s.d.r.c.RepositoryConfigurationDelegate : Finished Spring Data repository scanning in 14 ms. Found 1 JDBC repository interfaces.
2023-09-20T19:42:54.715+01:00  INFO 15724 --- [    Test worker] o.s.b.w.embedded.tomcat.TomcatWebServer  : Tomcat initialized with port 0 (http)
2023-09-20T19:42:54.718+01:00  INFO 15724 --- [    Test worker] o.apache.catalina.core.StandardService   : Starting service [Tomcat]
2023-09-20T19:42:54.718+01:00  INFO 15724 --- [    Test worker] o.apache.catalina.core.StandardEngine    : Starting Servlet engine: [Apache Tomcat/10.1.13]
2023-09-20T19:42:54.807+01:00  INFO 15724 --- [    Test worker] o.a.c.c.C.[Tomcat].[localhost].[/]       : Initializing Spring embedded WebApplicationContext
2023-09-20T19:42:54.807+01:00  INFO 15724 --- [    Test worker] w.s.c.ServletWebServerApplicationContext : Root WebApplicationContext: initialization completed in 624 ms
2023-09-20T19:42:54.840+01:00  INFO 15724 --- [    Test worker] o.s.j.d.e.EmbeddedDatabaseFactory        : Starting embedded database: url='jdbc:h2:mem:fed2b09f-f561-43df-9ec1-bec6eb5c482b;DB_CLOSE_DELAY=-1;DB_CLOSE_ON_EXIT=false', username='sa'
2023-09-20T19:42:55.432+01:00  INFO 15724 --- [    Test worker] o.s.s.web.DefaultSecurityFilterChain     : Will secure any request with [org.springframework.security.web.session.DisableEncodeUrlFilter@f4aec23, org.springframework.security.web.context.request.async.WebAsyncManagerIntegrationFilter@713c8cbb, org.springframework.security.web.context.SecurityContextHolderFilter@2bfe4df9, org.springframework.security.web.header.HeaderWriterFilter@14af9f51, org.springframework.web.filter.CorsFilter@7680beac, org.springframework.security.web.authentication.logout.LogoutFilter@23ee31b8, org.springframework.security.web.authentication.www.BasicAuthenticationFilter@5dfb65d5, org.springframework.security.web.savedrequest.RequestCacheAwareFilter@4f466207, org.springframework.security.web.servletapi.SecurityContextHolderAwareRequestFilter@121b7a95, org.springframework.security.web.authentication.AnonymousAuthenticationFilter@7053a864, org.springframework.security.web.access.ExceptionTranslationFilter@23cfc9eb, org.springframework.security.web.access.intercept.AuthorizationFilter@16422f27]
2023-09-20T19:42:55.520+01:00  INFO 15724 --- [    Test worker] o.s.b.w.embedded.tomcat.TomcatWebServer  : Tomcat started on port 50429 (http) with context path ''
2023-09-20T19:42:55.525+01:00  INFO 15724 --- [    Test worker] e.cashcard.CashCardApplicationTests      : Started CashCardApplicationTests in 1.401 seconds (process running for 24.553)
2023-09-20T19:42:55.549+01:00  INFO 15724 --- [o-auto-4-exec-1] o.a.c.c.C.[Tomcat].[localhost].[/]       : Initializing Spring DispatcherServlet 'dispatcherServlet'
2023-09-20T19:42:55.549+01:00  INFO 15724 --- [o-auto-4-exec-1] o.s.web.servlet.DispatcherServlet        : Initializing Servlet 'dispatcherServlet'
2023-09-20T19:42:55.551+01:00  INFO 15724 --- [o-auto-4-exec-1] o.s.web.servlet.DispatcherServlet        : Completed initialization in 2 ms
]]></system-out>
  <system-err><![CDATA[]]></system-err>
</testsuite>
